<?xml version="1.0" encoding="UTF-8" ?>
<testsuite tests="12" failures="0" name="edu.cmu.cs.cs214.rec02.IntQueueTest" time="0.058" errors="0" skipped="0">
  <properties>
    <property name="jansi.mode" value="force"/>
    <property name="java.runtime.name" value="Java(TM) SE Runtime Environment"/>
    <property name="java.vm.version" value="21.0.8+12-LTS-250"/>
    <property name="sun.boot.library.path" value="/usr/lib/jvm/jdk-21.0.8-oracle-x64/lib"/>
    <property name="maven.multiModuleProjectDirectory" value="/mnt/c/cmu/fall2025/17514/labs/new_lab6/f25-lab06/Java"/>
    <property name="java.vm.vendor" value="Oracle Corporation"/>
    <property name="java.vendor.url" value="https://java.oracle.com/"/>
    <property name="guice.disable.misplaced.annotation.check" value="true"/>
    <property name="path.separator" value=":"/>
    <property name="java.vm.name" value="Java HotSpot(TM) 64-Bit Server VM"/>
    <property name="sun.java.launcher" value="SUN_STANDARD"/>
    <property name="java.vm.specification.name" value="Java Virtual Machine Specification"/>
    <property name="user.dir" value="/mnt/c/cmu/fall2025/17514/labs/new_lab6/f25-lab06/Java"/>
    <property name="java.vm.compressedOopsMode" value="Zero based"/>
    <property name="java.runtime.version" value="21.0.8+12-LTS-250"/>
    <property name="os.arch" value="amd64"/>
    <property name="java.io.tmpdir" value="/tmp"/>
    <property name="line.separator" value="
"/>
    <property name="java.vm.specification.vendor" value="Oracle Corporation"/>
    <property name="stderr.encoding" value="UTF-8"/>
    <property name="os.name" value="Linux"/>
    <property name="classworlds.conf" value="/usr/share/maven/bin/m2.conf"/>
    <property name="sun.jnu.encoding" value="UTF-8"/>
    <property name="stdout.encoding" value="UTF-8"/>
    <property name="java.library.path" value="/usr/java/packages/lib:/usr/lib64:/lib64:/lib:/usr/lib"/>
    <property name="maven.conf" value="/usr/share/maven/conf"/>
    <property name="jdk.debug" value="release"/>
    <property name="java.class.version" value="65.0"/>
    <property name="java.specification.name" value="Java Platform API Specification"/>
    <property name="sun.management.compiler" value="HotSpot 64-Bit Tiered Compilers"/>
    <property name="os.version" value="6.6.87.2-microsoft-standard-WSL2"/>
    <property name="library.jansi.path" value="/usr/share/maven/lib/jansi-native"/>
    <property name="user.home" value="/home/sihaoz"/>
    <property name="user.timezone" value="America/New_York"/>
    <property name="file.encoding" value="UTF-8"/>
    <property name="java.specification.version" value="21"/>
    <property name="user.name" value="sihaoz"/>
    <property name="java.class.path" value="/usr/share/maven/boot/plexus-classworlds-2.x.jar"/>
    <property name="java.vm.specification.version" value="21"/>
    <property name="sun.arch.data.model" value="64"/>
    <property name="sun.java.command" value="org.codehaus.plexus.classworlds.launcher.Launcher site"/>
    <property name="java.home" value="/usr/lib/jvm/jdk-21.0.8-oracle-x64"/>
    <property name="user.language" value="en"/>
    <property name="java.specification.vendor" value="Oracle Corporation"/>
    <property name="java.vm.info" value="mixed mode, sharing"/>
    <property name="java.version" value="21.0.8"/>
    <property name="native.encoding" value="UTF-8"/>
    <property name="java.vendor" value="Oracle Corporation"/>
    <property name="maven.home" value="/usr/share/maven"/>
    <property name="file.separator" value="/"/>
    <property name="java.version.date" value="2025-07-15"/>
    <property name="java.vendor.url.bug" value="https://bugreport.java.com/bugreport/"/>
    <property name="sun.io.unicode.encoding" value="UnicodeLittle"/>
    <property name="sun.cpu.endian" value="little"/>
  </properties>
  <testcase classname="edu.cmu.cs.cs214.rec02.IntQueueTest" name="testNotEmpty" time="0.026"/>
  <testcase classname="edu.cmu.cs.cs214.rec02.IntQueueTest" name="testEnqueue" time="0"/>
  <testcase classname="edu.cmu.cs.cs214.rec02.IntQueueTest" name="testEnqueueReturnValue" time="0"/>
  <testcase classname="edu.cmu.cs.cs214.rec02.IntQueueTest" name="testClear" time="0"/>
  <testcase classname="edu.cmu.cs.cs214.rec02.IntQueueTest" name="testSizeAfterOperations" time="0"/>
  <testcase classname="edu.cmu.cs.cs214.rec02.IntQueueTest" name="testPeekNoEmptyQueue" time="0"/>
  <testcase classname="edu.cmu.cs.cs214.rec02.IntQueueTest" name="testFIFOOrder" time="0"/>
  <testcase classname="edu.cmu.cs.cs214.rec02.IntQueueTest" name="testPeekEmptyQueue" time="0"/>
  <testcase classname="edu.cmu.cs.cs214.rec02.IntQueueTest" name="testContent" time="0.023"/>
  <testcase classname="edu.cmu.cs.cs214.rec02.IntQueueTest" name="testMultipleEnqueueDequeue" time="0.001"/>
  <testcase classname="edu.cmu.cs.cs214.rec02.IntQueueTest" name="testDequeue" time="0.007"/>
  <testcase classname="edu.cmu.cs.cs214.rec02.IntQueueTest" name="testIsEmpty" time="0.001"/>
</testsuite>